Analysis & Synthesis report for MiniProject
Mon May 10 21:28:01 2021
Quartus Prime Version 17.1.0 Build 590 10/25/2017 SJ Lite Edition


---------------------
; Table of Contents ;
---------------------
  1. Legal Notice
  2. Analysis & Synthesis Summary
  3. Analysis & Synthesis Settings
  4. Parallel Compilation
  5. Analysis & Synthesis Source Files Read
  6. Analysis & Synthesis Resource Usage Summary
  7. Analysis & Synthesis Resource Utilization by Entity
  8. Registers Removed During Synthesis
  9. General Register Statistics
 10. Inverted Register Statistics
 11. Multiplexer Restructuring Statistics (Restructuring Performed)
 12. Source assignments for Top-level Entity: |game_engine
 13. Post-Synthesis Netlist Statistics for Top Partition
 14. Elapsed Time Per Partition
 15. Analysis & Synthesis Messages



----------------
; Legal Notice ;
----------------
Copyright (C) 2017  Intel Corporation. All rights reserved.
Your use of Intel Corporation's design tools, logic functions 
and other software and tools, and its AMPP partner logic 
functions, and any output files from any of the foregoing 
(including device programming or simulation files), and any 
associated documentation or information are expressly subject 
to the terms and conditions of the Intel Program License 
Subscription Agreement, the Intel Quartus Prime License Agreement,
the Intel FPGA IP License Agreement, or other applicable license
agreement, including, without limitation, that your use is for
the sole purpose of programming logic devices manufactured by
Intel and sold by Intel or its authorized distributors.  Please
refer to the applicable agreement for further details.



+-------------------------------------------------------------------------------+
; Analysis & Synthesis Summary                                                  ;
+---------------------------------+---------------------------------------------+
; Analysis & Synthesis Status     ; Successful - Mon May 10 21:28:01 2021       ;
; Quartus Prime Version           ; 17.1.0 Build 590 10/25/2017 SJ Lite Edition ;
; Revision Name                   ; MiniProject                                 ;
; Top-level Entity Name           ; game_engine                                 ;
; Family                          ; Cyclone V                                   ;
; Logic utilization (in ALMs)     ; N/A                                         ;
; Total registers                 ; 86                                          ;
; Total pins                      ; 35                                          ;
; Total virtual pins              ; 0                                           ;
; Total block memory bits         ; 0                                           ;
; Total DSP Blocks                ; 0                                           ;
; Total HSSI RX PCSs              ; 0                                           ;
; Total HSSI PMA RX Deserializers ; 0                                           ;
; Total HSSI TX PCSs              ; 0                                           ;
; Total HSSI PMA TX Serializers   ; 0                                           ;
; Total PLLs                      ; 0                                           ;
; Total DLLs                      ; 0                                           ;
+---------------------------------+---------------------------------------------+


+---------------------------------------------------------------------------------------------------------------------------+
; Analysis & Synthesis Settings                                                                                             ;
+---------------------------------------------------------------------------------+--------------------+--------------------+
; Option                                                                          ; Setting            ; Default Value      ;
+---------------------------------------------------------------------------------+--------------------+--------------------+
; Device                                                                          ; 5CSEMA5F31C6       ;                    ;
; Top-level entity name                                                           ; game_engine        ; MiniProject        ;
; Family name                                                                     ; Cyclone V          ; Cyclone V          ;
; Use smart compilation                                                           ; Off                ; Off                ;
; Enable parallel Assembler and TimeQuest Timing Analyzer during compilation      ; On                 ; On                 ;
; Enable compact report table                                                     ; Off                ; Off                ;
; Restructure Multiplexers                                                        ; Auto               ; Auto               ;
; MLAB Add Timing Constraints For Mixed-Port Feed-Through Mode Setting Don't Care ; Off                ; Off                ;
; Create Debugging Nodes for IP Cores                                             ; Off                ; Off                ;
; Preserve fewer node names                                                       ; On                 ; On                 ;
; Intel FPGA IP Evaluation Mode                                                   ; Enable             ; Enable             ;
; Verilog Version                                                                 ; Verilog_2001       ; Verilog_2001       ;
; VHDL Version                                                                    ; VHDL_1993          ; VHDL_1993          ;
; State Machine Processing                                                        ; Auto               ; Auto               ;
; Safe State Machine                                                              ; Off                ; Off                ;
; Extract Verilog State Machines                                                  ; On                 ; On                 ;
; Extract VHDL State Machines                                                     ; On                 ; On                 ;
; Ignore Verilog initial constructs                                               ; Off                ; Off                ;
; Iteration limit for constant Verilog loops                                      ; 5000               ; 5000               ;
; Iteration limit for non-constant Verilog loops                                  ; 250                ; 250                ;
; Add Pass-Through Logic to Inferred RAMs                                         ; On                 ; On                 ;
; Infer RAMs from Raw Logic                                                       ; On                 ; On                 ;
; Parallel Synthesis                                                              ; On                 ; On                 ;
; DSP Block Balancing                                                             ; Auto               ; Auto               ;
; NOT Gate Push-Back                                                              ; On                 ; On                 ;
; Power-Up Don't Care                                                             ; On                 ; On                 ;
; Remove Redundant Logic Cells                                                    ; Off                ; Off                ;
; Remove Duplicate Registers                                                      ; On                 ; On                 ;
; Ignore CARRY Buffers                                                            ; Off                ; Off                ;
; Ignore CASCADE Buffers                                                          ; Off                ; Off                ;
; Ignore GLOBAL Buffers                                                           ; Off                ; Off                ;
; Ignore ROW GLOBAL Buffers                                                       ; Off                ; Off                ;
; Ignore LCELL Buffers                                                            ; Off                ; Off                ;
; Ignore SOFT Buffers                                                             ; On                 ; On                 ;
; Limit AHDL Integers to 32 Bits                                                  ; Off                ; Off                ;
; Optimization Technique                                                          ; Balanced           ; Balanced           ;
; Carry Chain Length                                                              ; 70                 ; 70                 ;
; Auto Carry Chains                                                               ; On                 ; On                 ;
; Auto Open-Drain Pins                                                            ; On                 ; On                 ;
; Perform WYSIWYG Primitive Resynthesis                                           ; Off                ; Off                ;
; Auto ROM Replacement                                                            ; On                 ; On                 ;
; Auto RAM Replacement                                                            ; On                 ; On                 ;
; Auto DSP Block Replacement                                                      ; On                 ; On                 ;
; Auto Shift Register Replacement                                                 ; Auto               ; Auto               ;
; Allow Shift Register Merging across Hierarchies                                 ; Auto               ; Auto               ;
; Auto Clock Enable Replacement                                                   ; On                 ; On                 ;
; Strict RAM Replacement                                                          ; Off                ; Off                ;
; Allow Synchronous Control Signals                                               ; On                 ; On                 ;
; Force Use of Synchronous Clear Signals                                          ; Off                ; Off                ;
; Auto Resource Sharing                                                           ; Off                ; Off                ;
; Allow Any RAM Size For Recognition                                              ; Off                ; Off                ;
; Allow Any ROM Size For Recognition                                              ; Off                ; Off                ;
; Allow Any Shift Register Size For Recognition                                   ; Off                ; Off                ;
; Use LogicLock Constraints during Resource Balancing                             ; On                 ; On                 ;
; Ignore translate_off and synthesis_off directives                               ; Off                ; Off                ;
; Timing-Driven Synthesis                                                         ; On                 ; On                 ;
; Report Parameter Settings                                                       ; On                 ; On                 ;
; Report Source Assignments                                                       ; On                 ; On                 ;
; Report Connectivity Checks                                                      ; On                 ; On                 ;
; Ignore Maximum Fan-Out Assignments                                              ; Off                ; Off                ;
; Synchronization Register Chain Length                                           ; 3                  ; 3                  ;
; Power Optimization During Synthesis                                             ; Normal compilation ; Normal compilation ;
; HDL message level                                                               ; Level2             ; Level2             ;
; Suppress Register Optimization Related Messages                                 ; Off                ; Off                ;
; Number of Removed Registers Reported in Synthesis Report                        ; 5000               ; 5000               ;
; Number of Swept Nodes Reported in Synthesis Report                              ; 5000               ; 5000               ;
; Number of Inverted Registers Reported in Synthesis Report                       ; 100                ; 100                ;
; Clock MUX Protection                                                            ; On                 ; On                 ;
; Auto Gated Clock Conversion                                                     ; Off                ; Off                ;
; Block Design Naming                                                             ; Auto               ; Auto               ;
; SDC constraint protection                                                       ; Off                ; Off                ;
; Synthesis Effort                                                                ; Auto               ; Auto               ;
; Shift Register Replacement - Allow Asynchronous Clear Signal                    ; On                 ; On                 ;
; Pre-Mapping Resynthesis Optimization                                            ; Off                ; Off                ;
; Analysis & Synthesis Message Level                                              ; Medium             ; Medium             ;
; Disable Register Merging Across Hierarchies                                     ; Auto               ; Auto               ;
; Resource Aware Inference For Block RAM                                          ; On                 ; On                 ;
; Automatic Parallel Synthesis                                                    ; On                 ; On                 ;
; Partial Reconfiguration Bitstream ID                                            ; Off                ; Off                ;
+---------------------------------------------------------------------------------+--------------------+--------------------+


+------------------------------------------+
; Parallel Compilation                     ;
+----------------------------+-------------+
; Processors                 ; Number      ;
+----------------------------+-------------+
; Number detected on machine ; 4           ;
; Maximum allowed            ; 4           ;
;                            ;             ;
; Average used               ; 1.00        ;
; Maximum used               ; 4           ;
;                            ;             ;
; Usage by Processor         ; % Time Used ;
;     Processor 1            ; 100.0%      ;
;     Processor 2            ;   0.0%      ;
;     Processors 3-4         ;   0.0%      ;
+----------------------------+-------------+


+------------------------------------------------------------------------------------------------------------------------------------------------------+
; Analysis & Synthesis Source Files Read                                                                                                               ;
+----------------------------------+-----------------+------------------------+--------------------------------------------------------------+---------+
; File Name with User-Entered Path ; Used in Netlist ; File Type              ; File Name with Absolute Path                                 ; Library ;
+----------------------------------+-----------------+------------------------+--------------------------------------------------------------+---------+
; VGA.v                            ; yes             ; User Verilog HDL File  ; C:/Users/James/Workspace/ELEC5566M-MiniProject/VGA.v         ;         ;
; clk_divider.v                    ; yes             ; User Verilog HDL File  ; C:/Users/James/Workspace/ELEC5566M-MiniProject/clk_divider.v ;         ;
; game_engine.v                    ; yes             ; User Verilog HDL File  ; C:/Users/James/Workspace/ELEC5566M-MiniProject/game_engine.v ;         ;
; key_filter.v                     ; yes             ; User Verilog HDL File  ; C:/Users/James/Workspace/ELEC5566M-MiniProject/key_filter.v  ;         ;
+----------------------------------+-----------------+------------------------+--------------------------------------------------------------+---------+


+---------------------------------------------------------+
; Analysis & Synthesis Resource Usage Summary             ;
+---------------------------------------------+-----------+
; Resource                                    ; Usage     ;
+---------------------------------------------+-----------+
; Estimate of Logic utilization (ALMs needed) ; 118       ;
;                                             ;           ;
; Combinational ALUT usage for logic          ; 190       ;
;     -- 7 input functions                    ; 0         ;
;     -- 6 input functions                    ; 43        ;
;     -- 5 input functions                    ; 5         ;
;     -- 4 input functions                    ; 16        ;
;     -- <=3 input functions                  ; 126       ;
;                                             ;           ;
; Dedicated logic registers                   ; 86        ;
;                                             ;           ;
; I/O pins                                    ; 35        ;
;                                             ;           ;
; Total DSP Blocks                            ; 0         ;
;                                             ;           ;
; Maximum fan-out node                        ; rst~input ;
; Maximum fan-out                             ; 84        ;
; Total fan-out                               ; 1034      ;
; Average fan-out                             ; 2.99      ;
+---------------------------------------------+-----------+


+---------------------------------------------------------------------------------------------------------------------------------------------------------------------------------------------------+
; Analysis & Synthesis Resource Utilization by Entity                                                                                                                                               ;
+----------------------------+---------------------+---------------------------+-------------------+------------+------+--------------+--------------------------------+-------------+--------------+
; Compilation Hierarchy Node ; Combinational ALUTs ; Dedicated Logic Registers ; Block Memory Bits ; DSP Blocks ; Pins ; Virtual Pins ; Full Hierarchy Name            ; Entity Name ; Library Name ;
+----------------------------+---------------------+---------------------------+-------------------+------------+------+--------------+--------------------------------+-------------+--------------+
; |game_engine               ; 190 (142)           ; 86 (46)                   ; 0                 ; 0          ; 35   ; 0            ; |game_engine                   ; game_engine ; work         ;
;    |VGA:vga_gen|           ; 46 (46)             ; 38 (38)                   ; 0                 ; 0          ; 0    ; 0            ; |game_engine|VGA:vga_gen       ; VGA         ; work         ;
;    |clk_divider:div|       ; 1 (1)               ; 1 (1)                     ; 0                 ; 0          ; 0    ; 0            ; |game_engine|clk_divider:div   ; clk_divider ; work         ;
;    |key_filter:filter|     ; 1 (1)               ; 1 (1)                     ; 0                 ; 0          ; 0    ; 0            ; |game_engine|key_filter:filter ; key_filter  ; work         ;
+----------------------------+---------------------+---------------------------+-------------------+------------+------+--------------+--------------------------------+-------------+--------------+
Note: For table entries with two numbers listed, the numbers in parentheses indicate the number of resources of the given type used by the specific entity alone. The numbers listed outside of parentheses indicate the total resources of the given type used by the specific entity and all of its sub-entities in the hierarchy.


+--------------------------------------------------------------------------------+
; Registers Removed During Synthesis                                             ;
+---------------------------------------+----------------------------------------+
; Register name                         ; Reason for Removal                     ;
+---------------------------------------+----------------------------------------+
; G[7]~reg0                             ; Stuck at GND due to stuck port data_in ;
; G[6]~reg0                             ; Stuck at GND due to stuck port data_in ;
; G[5]~reg0                             ; Stuck at GND due to stuck port data_in ;
; G[4]~reg0                             ; Stuck at GND due to stuck port data_in ;
; B[7]~reg0                             ; Stuck at GND due to stuck port data_in ;
; B[6]~reg0                             ; Stuck at GND due to stuck port data_in ;
; B[5]~reg0                             ; Stuck at GND due to stuck port data_in ;
; B[4]~reg0                             ; Stuck at GND due to stuck port data_in ;
; Total Number of Removed Registers = 8 ;                                        ;
+---------------------------------------+----------------------------------------+


+------------------------------------------------------+
; General Register Statistics                          ;
+----------------------------------------------+-------+
; Statistic                                    ; Value ;
+----------------------------------------------+-------+
; Total registers                              ; 86    ;
; Number of registers using Synchronous Clear  ; 32    ;
; Number of registers using Synchronous Load   ; 0     ;
; Number of registers using Asynchronous Clear ; 84    ;
; Number of registers using Asynchronous Load  ; 0     ;
; Number of registers using Clock Enable       ; 46    ;
; Number of registers using Preset             ; 0     ;
+----------------------------------------------+-------+


+--------------------------------------------------+
; Inverted Register Statistics                     ;
+----------------------------------------+---------+
; Inverted Register                      ; Fan out ;
+----------------------------------------+---------+
; snakeY[1]                              ; 4       ;
; snakeX[1]                              ; 4       ;
; snakeX[5]                              ; 4       ;
; snakeX[2]                              ; 4       ;
; snakeX[8]                              ; 4       ;
; snakeY[4]                              ; 4       ;
; snakeY[7]                              ; 4       ;
; snakeY[6]                              ; 4       ;
; snakeY[2]                              ; 4       ;
; Total number of inverted registers = 9 ;         ;
+----------------------------------------+---------+


+------------------------------------------------------------------------------------------------------------------------------------------+
; Multiplexer Restructuring Statistics (Restructuring Performed)                                                                           ;
+--------------------+-----------+---------------+----------------------+------------------------+------------+----------------------------+
; Multiplexer Inputs ; Bus Width ; Baseline Area ; Area if Restructured ; Saving if Restructured ; Registered ; Example Multiplexer Output ;
+--------------------+-----------+---------------+----------------------+------------------------+------------+----------------------------+
; 3:1                ; 11 bits   ; 22 LEs        ; 0 LEs                ; 22 LEs                 ; Yes        ; |game_engine|snakeX[4]     ;
; 3:1                ; 10 bits   ; 20 LEs        ; 0 LEs                ; 20 LEs                 ; Yes        ; |game_engine|snakeY[8]     ;
; 3:1                ; 4 bits    ; 8 LEs         ; 0 LEs                ; 8 LEs                  ; Yes        ; |game_engine|snakeX[8]     ;
; 3:1                ; 5 bits    ; 10 LEs        ; 0 LEs                ; 10 LEs                 ; Yes        ; |game_engine|snakeY[2]     ;
+--------------------+-----------+---------------+----------------------+------------------------+------------+----------------------------+


+-------------------------------------------------------+
; Source assignments for Top-level Entity: |game_engine ;
+------------+----------+------+------------------------+
; Assignment ; Value    ; From ; To                     ;
+------------+----------+------+------------------------+
; LOCATION   ; Pin_Y16  ; -    ; key[3]                 ;
; LOCATION   ; Pin_W15  ; -    ; key[2]                 ;
; LOCATION   ; Pin_AA15 ; -    ; key[1]                 ;
; LOCATION   ; Pin_AA14 ; -    ; key[0]                 ;
; LOCATION   ; Pin_F13  ; -    ; R[7]                   ;
; LOCATION   ; Pin_E12  ; -    ; R[6]                   ;
; LOCATION   ; Pin_D12  ; -    ; R[5]                   ;
; LOCATION   ; Pin_C12  ; -    ; R[4]                   ;
; LOCATION   ; Pin_B12  ; -    ; R[3]                   ;
; LOCATION   ; Pin_E13  ; -    ; R[2]                   ;
; LOCATION   ; Pin_C13  ; -    ; R[1]                   ;
; LOCATION   ; Pin_A13  ; -    ; R[0]                   ;
; LOCATION   ; Pin_E11  ; -    ; G[7]                   ;
; LOCATION   ; Pin_F11  ; -    ; G[6]                   ;
; LOCATION   ; Pin_G12  ; -    ; G[5]                   ;
; LOCATION   ; Pin_G11  ; -    ; G[4]                   ;
; LOCATION   ; Pin_G10  ; -    ; G[3]                   ;
; LOCATION   ; Pin_H12  ; -    ; G[2]                   ;
; LOCATION   ; Pin_J10  ; -    ; G[1]                   ;
; LOCATION   ; Pin_J9   ; -    ; G[0]                   ;
; LOCATION   ; Pin_J14  ; -    ; B[7]                   ;
; LOCATION   ; Pin_G15  ; -    ; B[6]                   ;
; LOCATION   ; Pin_F15  ; -    ; B[5]                   ;
; LOCATION   ; Pin_H14  ; -    ; B[4]                   ;
; LOCATION   ; Pin_F14  ; -    ; B[3]                   ;
; LOCATION   ; Pin_H13  ; -    ; B[2]                   ;
; LOCATION   ; Pin_G13  ; -    ; B[1]                   ;
; LOCATION   ; Pin_B13  ; -    ; B[0]                   ;
; LOCATION   ; Pin_AF14 ; -    ; clk                    ;
; LOCATION   ; Pin_AB12 ; -    ; rst                    ;
; LOCATION   ; Pin_B11  ; -    ; hSync                  ;
; LOCATION   ; Pin_D11  ; -    ; vSync                  ;
; LOCATION   ; Pin_A11  ; -    ; vCLK                   ;
; LOCATION   ; Pin_F10  ; -    ; BLANK                  ;
; LOCATION   ; Pin_C10  ; -    ; SYNC                   ;
+------------+----------+------+------------------------+


+-----------------------------------------------------+
; Post-Synthesis Netlist Statistics for Top Partition ;
+-----------------------+-----------------------------+
; Type                  ; Count                       ;
+-----------------------+-----------------------------+
; arriav_ff             ; 86                          ;
;     CLR               ; 22                          ;
;     CLR SCLR          ; 16                          ;
;     ENA CLR           ; 30                          ;
;     ENA CLR SCLR      ; 16                          ;
;     plain             ; 2                           ;
; arriav_lcell_comb     ; 191                         ;
;     arith             ; 90                          ;
;         1 data inputs ; 60                          ;
;         2 data inputs ; 2                           ;
;         3 data inputs ; 28                          ;
;     normal            ; 101                         ;
;         0 data inputs ; 1                           ;
;         1 data inputs ; 10                          ;
;         2 data inputs ; 22                          ;
;         3 data inputs ; 4                           ;
;         4 data inputs ; 16                          ;
;         5 data inputs ; 5                           ;
;         6 data inputs ; 43                          ;
; boundary_port         ; 35                          ;
;                       ;                             ;
; Max LUT depth         ; 5.70                        ;
; Average LUT depth     ; 3.55                        ;
+-----------------------+-----------------------------+


+-------------------------------+
; Elapsed Time Per Partition    ;
+----------------+--------------+
; Partition Name ; Elapsed Time ;
+----------------+--------------+
; Top            ; 00:00:00     ;
+----------------+--------------+


+-------------------------------+
; Analysis & Synthesis Messages ;
+-------------------------------+
Info: *******************************************************************
Info: Running Quartus Prime Analysis & Synthesis
    Info: Version 17.1.0 Build 590 10/25/2017 SJ Lite Edition
    Info: Processing started: Mon May 10 21:27:50 2021
Info: Command: quartus_map --read_settings_files=on --write_settings_files=off MiniProject -c MiniProject
Warning (18236): Number of processors has not been specified which may cause overloading on shared machines.  Set the global assignment NUM_PARALLEL_PROCESSORS in your QSF to an appropriate value for best performance.
Info (20030): Parallel compilation is enabled and will use 4 of the 4 processors detected
Info (12021): Found 1 design units, including 1 entities, in source file vga.v
    Info (12023): Found entity 1: VGA File: C:/Users/James/Workspace/ELEC5566M-MiniProject/VGA.v Line: 1
Info (12021): Found 1 design units, including 1 entities, in source file clk_divider.v
    Info (12023): Found entity 1: clk_divider File: C:/Users/James/Workspace/ELEC5566M-MiniProject/clk_divider.v Line: 1
Info (12021): Found 1 design units, including 1 entities, in source file game_engine.v
    Info (12023): Found entity 1: game_engine File: C:/Users/James/Workspace/ELEC5566M-MiniProject/game_engine.v Line: 1
Warning (12019): Can't analyze file -- file PosedgeDetector.v is missing
Info (12021): Found 1 design units, including 1 entities, in source file key_filter.v
    Info (12023): Found entity 1: key_filter File: C:/Users/James/Workspace/ELEC5566M-MiniProject/key_filter.v Line: 15
Info (12127): Elaborating entity "game_engine" for the top level hierarchy
Warning (10230): Verilog HDL assignment warning at game_engine.v(83): truncated value with size 32 to match size of target (16) File: C:/Users/James/Workspace/ELEC5566M-MiniProject/game_engine.v Line: 83
Warning (10230): Verilog HDL assignment warning at game_engine.v(84): truncated value with size 32 to match size of target (16) File: C:/Users/James/Workspace/ELEC5566M-MiniProject/game_engine.v Line: 84
Warning (10230): Verilog HDL assignment warning at game_engine.v(87): truncated value with size 32 to match size of target (16) File: C:/Users/James/Workspace/ELEC5566M-MiniProject/game_engine.v Line: 87
Warning (10230): Verilog HDL assignment warning at game_engine.v(89): truncated value with size 32 to match size of target (16) File: C:/Users/James/Workspace/ELEC5566M-MiniProject/game_engine.v Line: 89
Warning (10230): Verilog HDL assignment warning at game_engine.v(91): truncated value with size 32 to match size of target (16) File: C:/Users/James/Workspace/ELEC5566M-MiniProject/game_engine.v Line: 91
Warning (10230): Verilog HDL assignment warning at game_engine.v(93): truncated value with size 32 to match size of target (16) File: C:/Users/James/Workspace/ELEC5566M-MiniProject/game_engine.v Line: 93
Warning (10240): Verilog HDL Always Construct warning at game_engine.v(80): inferring latch(es) for variable "snakeX", which holds its previous value in one or more paths through the always construct File: C:/Users/James/Workspace/ELEC5566M-MiniProject/game_engine.v Line: 80
Warning (10240): Verilog HDL Always Construct warning at game_engine.v(80): inferring latch(es) for variable "snakeY", which holds its previous value in one or more paths through the always construct File: C:/Users/James/Workspace/ELEC5566M-MiniProject/game_engine.v Line: 80
Info (10041): Inferred latch for "snakeY[0]" at game_engine.v(80) File: C:/Users/James/Workspace/ELEC5566M-MiniProject/game_engine.v Line: 80
Info (10041): Inferred latch for "snakeX[0]" at game_engine.v(80) File: C:/Users/James/Workspace/ELEC5566M-MiniProject/game_engine.v Line: 80
Info (12128): Elaborating entity "clk_divider" for hierarchy "clk_divider:div" File: C:/Users/James/Workspace/ELEC5566M-MiniProject/game_engine.v Line: 40
Info (12128): Elaborating entity "key_filter" for hierarchy "key_filter:filter" File: C:/Users/James/Workspace/ELEC5566M-MiniProject/game_engine.v Line: 43
Info (12128): Elaborating entity "VGA" for hierarchy "VGA:vga_gen" File: C:/Users/James/Workspace/ELEC5566M-MiniProject/game_engine.v Line: 60
Warning (10230): Verilog HDL assignment warning at VGA.v(47): truncated value with size 32 to match size of target (16) File: C:/Users/James/Workspace/ELEC5566M-MiniProject/VGA.v Line: 47
Warning (10230): Verilog HDL assignment warning at VGA.v(61): truncated value with size 32 to match size of target (16) File: C:/Users/James/Workspace/ELEC5566M-MiniProject/VGA.v Line: 61
Info (13014): Ignored 6 buffer(s)
    Info (13019): Ignored 6 SOFT buffer(s)
Warning (13024): Output pins are stuck at VCC or GND
    Warning (13410): Pin "G[4]" is stuck at GND File: C:/Users/James/Workspace/ELEC5566M-MiniProject/game_engine.v Line: 124
    Warning (13410): Pin "G[5]" is stuck at GND File: C:/Users/James/Workspace/ELEC5566M-MiniProject/game_engine.v Line: 124
    Warning (13410): Pin "G[6]" is stuck at GND File: C:/Users/James/Workspace/ELEC5566M-MiniProject/game_engine.v Line: 124
    Warning (13410): Pin "G[7]" is stuck at GND File: C:/Users/James/Workspace/ELEC5566M-MiniProject/game_engine.v Line: 124
    Warning (13410): Pin "B[4]" is stuck at GND File: C:/Users/James/Workspace/ELEC5566M-MiniProject/game_engine.v Line: 124
    Warning (13410): Pin "B[5]" is stuck at GND File: C:/Users/James/Workspace/ELEC5566M-MiniProject/game_engine.v Line: 124
    Warning (13410): Pin "B[6]" is stuck at GND File: C:/Users/James/Workspace/ELEC5566M-MiniProject/game_engine.v Line: 124
    Warning (13410): Pin "B[7]" is stuck at GND File: C:/Users/James/Workspace/ELEC5566M-MiniProject/game_engine.v Line: 124
    Warning (13410): Pin "SYNC" is stuck at GND File: C:/Users/James/Workspace/ELEC5566M-MiniProject/game_engine.v Line: 35
Info (286030): Timing-Driven Synthesis is running
Critical Warning (18061): Ignored Power-Up Level option on the following registers
    Critical Warning (18010): Register snakeX[8] will power up to High File: C:/Users/James/Workspace/ELEC5566M-MiniProject/game_engine.v Line: 86
    Critical Warning (18010): Register snakeX[5] will power up to High File: C:/Users/James/Workspace/ELEC5566M-MiniProject/game_engine.v Line: 86
    Critical Warning (18010): Register snakeX[2] will power up to High File: C:/Users/James/Workspace/ELEC5566M-MiniProject/game_engine.v Line: 86
    Critical Warning (18010): Register snakeX[1] will power up to High File: C:/Users/James/Workspace/ELEC5566M-MiniProject/game_engine.v Line: 86
    Critical Warning (18010): Register snakeY[7] will power up to High File: C:/Users/James/Workspace/ELEC5566M-MiniProject/game_engine.v Line: 86
    Critical Warning (18010): Register snakeY[6] will power up to High File: C:/Users/James/Workspace/ELEC5566M-MiniProject/game_engine.v Line: 86
    Critical Warning (18010): Register snakeY[4] will power up to High File: C:/Users/James/Workspace/ELEC5566M-MiniProject/game_engine.v Line: 86
    Critical Warning (18010): Register snakeY[2] will power up to High File: C:/Users/James/Workspace/ELEC5566M-MiniProject/game_engine.v Line: 86
    Critical Warning (18010): Register snakeY[1] will power up to High File: C:/Users/James/Workspace/ELEC5566M-MiniProject/game_engine.v Line: 86
Info (16010): Generating hard_block partition "hard_block:auto_generated_inst"
    Info (16011): Adding 0 node(s), including 0 DDIO, 0 PLL, 0 transceiver and 0 LCELL
Info (21057): Implemented 244 device resources after synthesis - the final resource count might be different
    Info (21058): Implemented 6 input pins
    Info (21059): Implemented 29 output pins
    Info (21061): Implemented 209 logic cells
Info: Quartus Prime Analysis & Synthesis was successful. 0 errors, 32 warnings
    Info: Peak virtual memory: 4825 megabytes
    Info: Processing ended: Mon May 10 21:28:01 2021
    Info: Elapsed time: 00:00:11
    Info: Total CPU time (on all processors): 00:00:23


